[main b81d410] Scan auto — dashboard mis à jour (Mar 10)
 2 files changed, 2 insertions(+), 2 deletions(-)
[2026-03-10 14:30] 📝 Commit auto créé
[2026-03-10 14:30] Commits à pusher:
b81d410 Scan auto — dashboard mis à jour (Mar 10)
To github.com:flixnl/comptabilite2026.git
   7bff7ff..b81d410  main -> main
[2026-03-10 14:30] ✅ Push réussi
[main 370394c] Scan auto — dashboard mis à jour (mars 10)
 2 files changed, 2 insertions(+), 2 deletions(-)
[2026-03-10 14:43] 📝 Commit auto créé
[2026-03-10 14:43] Commits à pusher:
370394c Scan auto — dashboard mis à jour (mars 10)
To github.com:flixnl/comptabilite2026.git
   b81d410..370394c  main -> main
[2026-03-10 14:43] ✅ Push réussi
[main 412422b] Scan auto — dashboard mis à jour (mars 10)
 2 files changed, 7 insertions(+), 7 deletions(-)
[2026-03-10 15:06] 📝 Commit auto créé
[2026-03-10 15:06] Commits à pusher:
412422b Scan auto — dashboard mis à jour (mars 10)
To github.com:flixnl/comptabilite2026.git
   370394c..412422b  main -> main
[2026-03-10 15:06] ✅ Push réussi
[main badfed2] Scan auto — dashboard mis à jour (Mar 10)
 2 files changed, 2 insertions(+), 2 deletions(-)
[2026-03-10 15:30] 📝 Commit auto créé
[2026-03-10 15:30] Commits à pusher:
badfed2 Scan auto — dashboard mis à jour (Mar 10)
To github.com:flixnl/comptabilite2026.git
   412422b..badfed2  main -> main
[2026-03-10 15:30] ✅ Push réussi
[main 919ab25] Scan auto — dashboard mis à jour (mars 10)
 2 files changed, 2 insertions(+), 2 deletions(-)
[2026-03-10 15:34] 📝 Commit auto créé
[2026-03-10 15:34] Commits à pusher:
919ab25 Scan auto — dashboard mis à jour (mars 10)
To github.com:flixnl/comptabilite2026.git
   badfed2..919ab25  main -> main
[2026-03-10 15:34] ✅ Push réussi
[main bbbb10f] Scan auto — dashboard mis à jour (mars 10)
 2 files changed, 3 insertions(+), 3 deletions(-)
[2026-03-10 15:58] 📝 Commit auto créé
[2026-03-10 15:58] Commits à pusher:
bbbb10f Scan auto — dashboard mis à jour (mars 10)
To github.com:flixnl/comptabilite2026.git
   919ab25..bbbb10f  main -> main
[2026-03-10 15:58] ✅ Push réussi
[main fd557f4] Scan auto — dashboard mis à jour (mars 10)
 2 files changed, 2 insertions(+), 2 deletions(-)
[2026-03-10 16:04] 📝 Commit auto créé
[2026-03-10 16:04] Commits à pusher:
fd557f4 Scan auto — dashboard mis à jour (mars 10)
To github.com:flixnl/comptabilite2026.git
   bbbb10f..fd557f4  main -> main
[2026-03-10 16:04] ✅ Push réussi
[main 6baf84f] Scan auto — dashboard mis à jour (mars 10)
 2 files changed, 8 insertions(+), 8 deletions(-)
[2026-03-10 16:32] 📝 Commit auto créé
[2026-03-10 16:32] Commits à pusher:
6baf84f Scan auto — dashboard mis à jour (mars 10)
To github.com:flixnl/comptabilite2026.git
   fd557f4..6baf84f  main -> main
[2026-03-10 16:32] ✅ Push réussi
[main 8aea04a] Scan auto — dashboard mis à jour (mars 10)
 2 files changed, 36 insertions(+), 31 deletions(-)
[2026-03-10 17:49] 📝 Commit auto créé
[2026-03-10 17:49] Commits à pusher:
8aea04a Scan auto — dashboard mis à jour (mars 10)
To github.com:flixnl/comptabilite2026.git
   6baf84f..8aea04a  main -> main
[2026-03-10 17:49] ✅ Push réussi
[main 946c5b3] Scan auto — dashboard mis à jour (mars 10)
 2 files changed, 22 insertions(+), 22 deletions(-)
[2026-03-10 18:28] 📝 Commit auto créé
[2026-03-10 18:28] Commits à pusher:
946c5b3 Scan auto — dashboard mis à jour (mars 10)
To github.com:flixnl/comptabilite2026.git
   8aea04a..946c5b3  main -> main
[2026-03-10 18:28] ✅ Push réussi
[main 7a83cbb] Scan auto — dashboard mis à jour (Mar 10)
 2 files changed, 117 insertions(+), 42 deletions(-)
[2026-03-10 19:30] 📝 Commit auto créé
[2026-03-10 19:30] Commits à pusher:
7a83cbb Scan auto — dashboard mis à jour (Mar 10)
To github.com:flixnl/comptabilite2026.git
   946c5b3..7a83cbb  main -> main
[2026-03-10 19:30] ✅ Push réussi
[main a2bcfd3] Scan auto — dashboard mis à jour (mars 10)
 2 files changed, 25 insertions(+), 25 deletions(-)
[2026-03-10 20:50] 📝 Commit auto créé
[2026-03-10 20:50] Commits à pusher:
a2bcfd3 Scan auto — dashboard mis à jour (mars 10)
To github.com:flixnl/comptabilite2026.git
   7a83cbb..a2bcfd3  main -> main
[2026-03-10 20:50] ✅ Push réussi
[2026-03-10 21:24] Commits à pusher:
219c203 Scan auto — dashboard mis à jour (Mar 10)
To github.com:flixnl/comptabilite2026.git
   a2bcfd3..219c203  main -> main
[2026-03-10 21:24] ✅ Push réussi
